# JRE version: OpenJDK Runtime Environment (15.0.2+7) (build 15.0.2+7-27)
# Java VM: OpenJDK 64-Bit Server VM (15.0.2+7-27, mixed mode, tiered, compressed oops, g1 gc, windows-amd64)
GC Precious Log:
 CPUs: 16 total, 16 available
 Memory: 16333M
 Large Page Support: Disabled
 NUMA Support: Disabled
 Compressed Oops: Enabled (Zero based)
 Heap Region Size: 2M
 Heap Min Capacity: 8M
 Heap Initial Capacity: 256M
 Heap Max Capacity: 4084M
 Pre-touch: Disabled
 Parallel Workers: 13
 Concurrent Workers: 3
 Concurrent Refinement Workers: 13
 Periodic GC: Disabled
Heap:
 garbage-first heap   total 155648K, used 92199K [0x0000000700c00000, 0x0000000800000000)
  region size 2048K, 40 young (81920K), 1 survivors (2048K)
 Metaspace       used 32040K, capacity 32466K, committed 32640K, reserved 1077248K
  class space    used 3741K, capacity 3889K, committed 3968K, reserved 1048576K
GC Heap History (12 events):
Event: 0.532 GC heap before
{Heap before GC invocations=0 (full 0):
 garbage-first heap   total 262144K, used 20480K [0x0000000700c00000, 0x0000000800000000)
  region size 2048K, 11 young (22528K), 0 survivors (0K)
 Metaspace       used 12947K, capacity 13217K, committed 13440K, reserved 1060864K
  class space    used 1317K, capacity 1408K, committed 1408K, reserved 1048576K
}
Event: 0.536 GC heap after
{Heap after GC invocations=1 (full 0):
 garbage-first heap   total 262144K, used 7072K [0x0000000700c00000, 0x0000000800000000)
  region size 2048K, 2 young (4096K), 2 survivors (4096K)
 Metaspace       used 12947K, capacity 13217K, committed 13440K, reserved 1060864K
  class space    used 1317K, capacity 1408K, committed 1408K, reserved 1048576K
}
Event: 0.746 GC heap before
{Heap before GC invocations=1 (full 0):
 garbage-first heap   total 262144K, used 27552K [0x0000000700c00000, 0x0000000800000000)
  region size 2048K, 13 young (26624K), 2 survivors (4096K)
 Metaspace       used 15924K, capacity 16209K, committed 16384K, reserved 1064960K
  class space    used 1657K, capacity 1742K, committed 1792K, reserved 1048576K
}
Event: 0.749 GC heap after
{Heap after GC invocations=2 (full 0):
 garbage-first heap   total 262144K, used 8985K [0x0000000700c00000, 0x0000000800000000)
  region size 2048K, 1 young (2048K), 1 survivors (2048K)
 Metaspace       used 15924K, capacity 16209K, committed 16384K, reserved 1064960K
  class space    used 1657K, capacity 1742K, committed 1792K, reserved 1048576K
}
Event: 0.912 GC heap before
{Heap before GC invocations=2 (full 0):
 garbage-first heap   total 262144K, used 29465K [0x0000000700c00000, 0x0000000800000000)
  region size 2048K, 12 young (24576K), 1 survivors (2048K)
 Metaspace       used 20815K, capacity 21103K, committed 21248K, reserved 1069056K
  class space    used 2196K, capacity 2282K, committed 2304K, reserved 1048576K
}
Event: 0.914 GC heap after
{Heap after GC invocations=3 (full 0):
 garbage-first heap   total 262144K, used 9584K [0x0000000700c00000, 0x0000000800000000)
  region size 2048K, 2 young (4096K), 2 survivors (4096K)
 Metaspace       used 20815K, capacity 21103K, committed 21248K, reserved 1069056K
  class space    used 2196K, capacity 2282K, committed 2304K, reserved 1048576K
}
Event: 1.154 GC heap before
{Heap before GC invocations=4 (full 0):
 garbage-first heap   total 49152K, used 34160K [0x0000000700c00000, 0x0000000800000000)
  region size 2048K, 14 young (28672K), 2 survivors (4096K)
 Metaspace       used 25906K, capacity 26293K, committed 26368K, reserved 1073152K
  class space    used 2971K, capacity 3070K, committed 3072K, reserved 1048576K
}
Event: 1.157 GC heap after
{Heap after GC invocations=5 (full 0):
 garbage-first heap   total 49152K, used 10599K [0x0000000700c00000, 0x0000000800000000)
  region size 2048K, 2 young (4096K), 2 survivors (4096K)
 Metaspace       used 25906K, capacity 26293K, committed 26368K, reserved 1073152K
  class space    used 2971K, capacity 3070K, committed 3072K, reserved 1048576K
}
Event: 1.316 GC heap before
{Heap before GC invocations=5 (full 0):
 garbage-first heap   total 49152K, used 26983K [0x0000000700c00000, 0x0000000800000000)
  region size 2048K, 11 young (22528K), 2 survivors (4096K)
 Metaspace       used 27593K, capacity 27952K, committed 28160K, reserved 1075200K
  class space    used 3187K, capacity 3301K, committed 3328K, reserved 1048576K
}
Event: 1.319 GC heap after
{Heap after GC invocations=6 (full 0):
 garbage-first heap   total 49152K, used 13398K [0x0000000700c00000, 0x0000000800000000)
  region size 2048K, 2 young (4096K), 2 survivors (4096K)
 Metaspace       used 27593K, capacity 27952K, committed 28160K, reserved 1075200K
  class space    used 3187K, capacity 3301K, committed 3328K, reserved 1048576K
}
Event: 1.520 GC heap before
{Heap before GC invocations=6 (full 0):
 garbage-first heap   total 49152K, used 27734K [0x0000000700c00000, 0x0000000800000000)
  region size 2048K, 10 young (20480K), 2 survivors (4096K)
 Metaspace       used 29686K, capacity 30080K, committed 30208K, reserved 1075200K
  class space    used 3430K, capacity 3565K, committed 3584K, reserved 1048576K
}
Event: 1.524 GC heap after
{Heap after GC invocations=7 (full 0):
 garbage-first heap   total 155648K, used 14375K [0x0000000700c00000, 0x0000000800000000)
  region size 2048K, 1 young (2048K), 1 survivors (2048K)
 Metaspace       used 29686K, capacity 30080K, committed 30208K, reserved 1075200K
  class space    used 3430K, capacity 3565K, committed 3584K, reserved 1048576K
}

