# JRE version: Java(TM) SE Runtime Environment 18.9 (11.0.11+9) (build 11.0.11+9-LTS-194)
# Java VM: Java HotSpot(TM) 64-Bit Server VM 18.9 (11.0.11+9-LTS-194, mixed mode, tiered, compressed oops, g1 gc, windows-amd64)
Heap:
 garbage-first heap   total 378880K, used 49113K [0x0000000700c00000, 0x0000000800000000)
  region size 1024K, 24 young (24576K), 14 survivors (14336K)
 Metaspace       used 58923K, capacity 60213K, committed 60492K, reserved 1101824K
  class space    used 7445K, capacity 7948K, committed 8012K, reserved 1048576K
GC Heap History (10 events):
Event: 5.893 GC heap before
{Heap before GC invocations=11 (full 0):
 garbage-first heap   total 315392K, used 205031K [0x0000000700c00000, 0x0000000800000000)
  region size 1024K, 184 young (188416K), 13 survivors (13312K)
 Metaspace       used 40843K, capacity 41900K, committed 42240K, reserved 1085440K
  class space    used 4829K, capacity 5254K, committed 5376K, reserved 1048576K
}
Event: 5.898 GC heap after
{Heap after GC invocations=12 (full 0):
 garbage-first heap   total 315392K, used 30261K [0x0000000700c00000, 0x0000000800000000)
  region size 1024K, 13 young (13312K), 13 survivors (13312K)
 Metaspace       used 40843K, capacity 41900K, committed 42240K, reserved 1085440K
  class space    used 4829K, capacity 5254K, committed 5376K, reserved 1048576K
}
Event: 6.088 GC heap before
{Heap before GC invocations=12 (full 0):
 garbage-first heap   total 315392K, used 205365K [0x0000000700c00000, 0x0000000800000000)
  region size 1024K, 184 young (188416K), 13 survivors (13312K)
 Metaspace       used 41116K, capacity 42189K, committed 42496K, reserved 1087488K
  class space    used 4868K, capacity 5286K, committed 5376K, reserved 1048576K
}
Event: 6.093 GC heap after
{Heap after GC invocations=13 (full 0):
 garbage-first heap   total 315392K, used 30594K [0x0000000700c00000, 0x0000000800000000)
  region size 1024K, 13 young (13312K), 13 survivors (13312K)
 Metaspace       used 41116K, capacity 42189K, committed 42496K, reserved 1087488K
  class space    used 4868K, capacity 5286K, committed 5376K, reserved 1048576K
}
Event: 6.878 GC heap before
{Heap before GC invocations=13 (full 0):
 garbage-first heap   total 315392K, used 205698K [0x0000000700c00000, 0x0000000800000000)
  region size 1024K, 184 young (188416K), 13 survivors (13312K)
 Metaspace       used 43589K, capacity 44698K, committed 44928K, reserved 1089536K
  class space    used 5235K, capacity 5666K, committed 5760K, reserved 1048576K
}
Event: 6.888 GC heap after
{Heap after GC invocations=14 (full 0):
 garbage-first heap   total 315392K, used 37151K [0x0000000700c00000, 0x0000000800000000)
  region size 1024K, 15 young (15360K), 15 survivors (15360K)
 Metaspace       used 43589K, capacity 44698K, committed 44928K, reserved 1089536K
  class space    used 5235K, capacity 5666K, committed 5760K, reserved 1048576K
}
Event: 8.573 GC heap before
{Heap before GC invocations=14 (full 0):
 garbage-first heap   total 315392K, used 210207K [0x0000000700c00000, 0x0000000800000000)
  region size 1024K, 184 young (188416K), 15 survivors (15360K)
 Metaspace       used 56100K, capacity 57282K, committed 57600K, reserved 1099776K
  class space    used 7122K, capacity 7594K, committed 7680K, reserved 1048576K
}
Event: 8.583 GC heap after
{Heap after GC invocations=15 (full 0):
 garbage-first heap   total 378880K, used 39641K [0x0000000700c00000, 0x0000000800000000)
  region size 1024K, 14 young (14336K), 14 survivors (14336K)
 Metaspace       used 56100K, capacity 57282K, committed 57600K, reserved 1099776K
  class space    used 7122K, capacity 7594K, committed 7680K, reserved 1048576K
}
Event: 9.461 GC heap before
{Heap before GC invocations=15 (full 0):
 garbage-first heap   total 378880K, used 155353K [0x0000000700c00000, 0x0000000800000000)
  region size 1024K, 128 young (131072K), 14 survivors (14336K)
 Metaspace       used 58857K, capacity 60100K, committed 60160K, reserved 1101824K
  class space    used 7433K, capacity 7910K, committed 7936K, reserved 1048576K
}
Event: 9.470 GC heap after
{Heap after GC invocations=16 (full 0):
 garbage-first heap   total 378880K, used 39897K [0x0000000700c00000, 0x0000000800000000)
  region size 1024K, 14 young (14336K), 14 survivors (14336K)
 Metaspace       used 58857K, capacity 60100K, committed 60160K, reserved 1101824K
  class space    used 7433K, capacity 7910K, committed 7936K, reserved 1048576K
}

