# JRE version: Java(TM) SE Runtime Environment 18.9 (11.0.11+9) (build 11.0.11+9-LTS-194)
# Java VM: Java HotSpot(TM) 64-Bit Server VM 18.9 (11.0.11+9-LTS-194, mixed mode, tiered, compressed oops, g1 gc, windows-amd64)
Heap:
 garbage-first heap   total 378880K, used 60702K [0x0000000700c00000, 0x0000000800000000)
  region size 1024K, 32 young (32768K), 21 survivors (21504K)
 Metaspace       used 66931K, capacity 68555K, committed 68736K, reserved 1107968K
  class space    used 8574K, capacity 9226K, committed 9344K, reserved 1048576K
GC Heap History (10 events):
Event: 5.708 GC heap after
{Heap after GC invocations=11 (full 0):
 garbage-first heap   total 315392K, used 29770K [0x0000000700c00000, 0x0000000800000000)
  region size 1024K, 12 young (12288K), 12 survivors (12288K)
 Metaspace       used 40027K, capacity 41062K, committed 41344K, reserved 1085440K
  class space    used 4771K, capacity 5191K, committed 5248K, reserved 1048576K
}
Event: 6.667 GC heap before
{Heap before GC invocations=11 (full 0):
 garbage-first heap   total 315392K, used 205898K [0x0000000700c00000, 0x0000000800000000)
  region size 1024K, 184 young (188416K), 12 survivors (12288K)
 Metaspace       used 42499K, capacity 43568K, committed 43776K, reserved 1087488K
  class space    used 5141K, capacity 5571K, committed 5632K, reserved 1048576K
}
Event: 6.677 GC heap after
{Heap after GC invocations=12 (full 0):
 garbage-first heap   total 315392K, used 37581K [0x0000000700c00000, 0x0000000800000000)
  region size 1024K, 20 young (20480K), 20 survivors (20480K)
 Metaspace       used 42499K, capacity 43568K, committed 43776K, reserved 1087488K
  class space    used 5141K, capacity 5571K, committed 5632K, reserved 1048576K
}
Event: 8.381 GC heap before
{Heap before GC invocations=12 (full 0):
 garbage-first heap   total 315392K, used 205517K [0x0000000700c00000, 0x0000000800000000)
  region size 1024K, 184 young (188416K), 20 survivors (20480K)
 Metaspace       used 55820K, capacity 57031K, committed 57344K, reserved 1099776K
  class space    used 7119K, capacity 7611K, committed 7680K, reserved 1048576K
}
Event: 8.394 GC heap after
{Heap after GC invocations=13 (full 0):
 garbage-first heap   total 378880K, used 37880K [0x0000000700c00000, 0x0000000800000000)
  region size 1024K, 11 young (11264K), 11 survivors (11264K)
 Metaspace       used 55820K, capacity 57031K, committed 57344K, reserved 1099776K
  class space    used 7119K, capacity 7611K, committed 7680K, reserved 1048576K
}
Event: 9.948 GC heap before
{Heap before GC invocations=13 (full 0):
 garbage-first heap   total 378880K, used 189432K [0x0000000700c00000, 0x0000000800000000)
  region size 1024K, 160 young (163840K), 11 survivors (11264K)
 Metaspace       used 58605K, capacity 59845K, committed 59904K, reserved 1101824K
  class space    used 7432K, capacity 7923K, committed 7936K, reserved 1048576K
}
Event: 9.957 GC heap after
{Heap after GC invocations=14 (full 0):
 garbage-first heap   total 378880K, used 39982K [0x0000000700c00000, 0x0000000800000000)
  region size 1024K, 13 young (13312K), 13 survivors (13312K)
 Metaspace       used 58605K, capacity 59845K, committed 59904K, reserved 1101824K
  class space    used 7432K, capacity 7923K, committed 7936K, reserved 1048576K
}
Event: 11.240 GC heap before
{Heap before GC invocations=15 (full 0):
 garbage-first heap   total 378880K, used 253998K [0x0000000700c00000, 0x0000000800000000)
  region size 1024K, 222 young (227328K), 13 survivors (13312K)
 Metaspace       used 62386K, capacity 63941K, committed 64128K, reserved 1105920K
  class space    used 7912K, capacity 8529K, committed 8576K, reserved 1048576K
}
Event: 11.251 GC heap after
{Heap after GC invocations=16 (full 0):
 garbage-first heap   total 378880K, used 44078K [0x0000000700c00000, 0x0000000800000000)
  region size 1024K, 17 young (17408K), 17 survivors (17408K)
 Metaspace       used 62386K, capacity 63941K, committed 64128K, reserved 1105920K
  class space    used 7912K, capacity 8529K, committed 8576K, reserved 1048576K
}
Event: 12.570 GC heap before
{Heap before GC invocations=16 (full 0):
 garbage-first heap   total 378880K, used 253998K [0x0000000700c00000, 0x0000000800000000)
  region size 1024K, 222 young (227328K), 17 survivors (17408K)
 Metaspace       used 66884K, capacity 68550K, committed 68736K, reserved 1107968K
  class space    used 8571K, capacity 9226K, committed 9344K, reserved 1048576K
}

