# JRE version: Java(TM) SE Runtime Environment 18.9 (11.0.11+9) (build 11.0.11+9-LTS-194)
# Java VM: Java HotSpot(TM) 64-Bit Server VM 18.9 (11.0.11+9-LTS-194, mixed mode, tiered, compressed oops, g1 gc, windows-amd64)
Heap:
 garbage-first heap   total 378880K, used 199486K [0x0000000700c00000, 0x0000000800000000)
  region size 1024K, 170 young (174080K), 19 survivors (19456K)
 Metaspace       used 66838K, capacity 68433K, committed 68700K, reserved 1110016K
  class space    used 8563K, capacity 9188K, committed 9216K, reserved 1048576K
GC Heap History (10 events):
Event: 6.391 GC heap before
{Heap before GC invocations=13 (full 0):
 garbage-first heap   total 315392K, used 205706K [0x0000000700c00000, 0x0000000800000000)
  region size 1024K, 184 young (188416K), 12 survivors (12288K)
 Metaspace       used 42538K, capacity 43618K, committed 43932K, reserved 1087488K
  class space    used 5143K, capacity 5566K, committed 5632K, reserved 1048576K
}
Event: 6.399 GC heap after
{Heap after GC invocations=14 (full 0):
 garbage-first heap   total 315392K, used 34044K [0x0000000700c00000, 0x0000000800000000)
  region size 1024K, 16 young (16384K), 16 survivors (16384K)
 Metaspace       used 42538K, capacity 43618K, committed 43932K, reserved 1087488K
  class space    used 5143K, capacity 5566K, committed 5632K, reserved 1048576K
}
Event: 8.070 GC heap before
{Heap before GC invocations=14 (full 0):
 garbage-first heap   total 315392K, used 206076K [0x0000000700c00000, 0x0000000800000000)
  region size 1024K, 184 young (188416K), 16 survivors (16384K)
 Metaspace       used 52478K, capacity 53649K, committed 53788K, reserved 1095680K
  class space    used 6707K, capacity 7171K, committed 7296K, reserved 1048576K
}
Event: 8.082 GC heap after
{Heap after GC invocations=15 (full 0):
 garbage-first heap   total 378880K, used 39303K [0x0000000700c00000, 0x0000000800000000)
  region size 1024K, 17 young (17408K), 17 survivors (17408K)
 Metaspace       used 52478K, capacity 53649K, committed 53788K, reserved 1095680K
  class space    used 6707K, capacity 7171K, committed 7296K, reserved 1048576K
}
Event: 10.174 GC heap before
{Heap before GC invocations=15 (full 0):
 garbage-first heap   total 378880K, used 249223K [0x0000000700c00000, 0x0000000800000000)
  region size 1024K, 222 young (227328K), 17 survivors (17408K)
 Metaspace       used 58991K, capacity 60256K, committed 60444K, reserved 1101824K
  class space    used 7482K, capacity 7975K, committed 8064K, reserved 1048576K
}
Event: 10.186 GC heap after
{Heap after GC invocations=16 (full 0):
 garbage-first heap   total 378880K, used 41261K [0x0000000700c00000, 0x0000000800000000)
  region size 1024K, 17 young (17408K), 17 survivors (17408K)
 Metaspace       used 58991K, capacity 60256K, committed 60444K, reserved 1101824K
  class space    used 7482K, capacity 7975K, committed 8064K, reserved 1048576K
}
Event: 10.375 GC heap before
{Heap before GC invocations=16 (full 0):
 garbage-first heap   total 378880K, used 67885K [0x0000000700c00000, 0x0000000800000000)
  region size 1024K, 44 young (45056K), 17 survivors (17408K)
 Metaspace       used 59276K, capacity 60568K, committed 60636K, reserved 1101824K
  class space    used 7524K, capacity 8037K, committed 8064K, reserved 1048576K
}
Event: 10.386 GC heap after
{Heap after GC invocations=17 (full 0):
 garbage-first heap   total 378880K, used 40839K [0x0000000700c00000, 0x0000000800000000)
  region size 1024K, 14 young (14336K), 14 survivors (14336K)
 Metaspace       used 59276K, capacity 60568K, committed 60636K, reserved 1101824K
  class space    used 7524K, capacity 8037K, committed 8064K, reserved 1048576K
}
Event: 11.679 GC heap before
{Heap before GC invocations=18 (full 0):
 garbage-first heap   total 378880K, used 253831K [0x0000000700c00000, 0x0000000800000000)
  region size 1024K, 222 young (227328K), 14 survivors (14336K)
 Metaspace       used 62968K, capacity 64457K, committed 64604K, reserved 1105920K
  class space    used 7996K, capacity 8593K, committed 8704K, reserved 1048576K
}
Event: 11.691 GC heap after
{Heap after GC invocations=19 (full 0):
 garbage-first heap   total 378880K, used 45886K [0x0000000700c00000, 0x0000000800000000)
  region size 1024K, 19 young (19456K), 19 survivors (19456K)
 Metaspace       used 62968K, capacity 64457K, committed 64604K, reserved 1105920K
  class space    used 7996K, capacity 8593K, committed 8704K, reserved 1048576K
}

