# JRE version: Java(TM) SE Runtime Environment 18.9 (11.0.11+9) (build 11.0.11+9-LTS-194)
# Java VM: Java HotSpot(TM) 64-Bit Server VM 18.9 (11.0.11+9-LTS-194, mixed mode, tiered, compressed oops, g1 gc, windows-amd64)
Heap:
 garbage-first heap   total 315392K, used 168687K [0x0000000700c00000, 0x0000000800000000)
  region size 1024K, 154 young (157696K), 14 survivors (14336K)
 Metaspace       used 37209K, capacity 38177K, committed 38396K, reserved 1083392K
  class space    used 4459K, capacity 4866K, committed 4992K, reserved 1048576K
GC Heap History (10 events):
Event: 1.260 GC heap before
{Heap before GC invocations=1 (full 0):
 garbage-first heap   total 262144K, used 83191K [0x0000000700c00000, 0x0000000800000000)
  region size 1024K, 77 young (78848K), 3 survivors (3072K)
 Metaspace       used 20649K, capacity 21223K, committed 21296K, reserved 1069056K
  class space    used 2221K, capacity 2423K, committed 2432K, reserved 1048576K
}
Event: 1.266 GC heap after
{Heap after GC invocations=2 (full 0):
 garbage-first heap   total 262144K, used 11989K [0x0000000700c00000, 0x0000000800000000)
  region size 1024K, 7 young (7168K), 7 survivors (7168K)
 Metaspace       used 20649K, capacity 21223K, committed 21296K, reserved 1069056K
  class space    used 2221K, capacity 2423K, committed 2432K, reserved 1048576K
}
Event: 1.491 GC heap before
{Heap before GC invocations=3 (full 0):
 garbage-first heap   total 262144K, used 64213K [0x0000000700c00000, 0x0000000800000000)
  region size 1024K, 58 young (59392K), 7 survivors (7168K)
 Metaspace       used 24631K, capacity 25360K, committed 25520K, reserved 1071104K
  class space    used 2936K, capacity 3225K, committed 3328K, reserved 1048576K
}
Event: 1.496 GC heap after
{Heap after GC invocations=4 (full 0):
 garbage-first heap   total 262144K, used 13057K [0x0000000700c00000, 0x0000000800000000)
  region size 1024K, 5 young (5120K), 5 survivors (5120K)
 Metaspace       used 24631K, capacity 25360K, committed 25520K, reserved 1071104K
  class space    used 2936K, capacity 3225K, committed 3328K, reserved 1048576K
}
Event: 2.169 GC heap before
{Heap before GC invocations=4 (full 0):
 garbage-first heap   total 262144K, used 97025K [0x0000000700c00000, 0x0000000800000000)
  region size 1024K, 89 young (91136K), 5 survivors (5120K)
 Metaspace       used 34695K, capacity 35648K, committed 35708K, reserved 1081344K
  class space    used 4167K, capacity 4580K, committed 4608K, reserved 1048576K
}
Event: 2.177 GC heap after
{Heap after GC invocations=5 (full 0):
 garbage-first heap   total 262144K, used 17381K [0x0000000700c00000, 0x0000000800000000)
  region size 1024K, 9 young (9216K), 9 survivors (9216K)
 Metaspace       used 34695K, capacity 35648K, committed 35708K, reserved 1081344K
  class space    used 4167K, capacity 4580K, committed 4608K, reserved 1048576K
}
Event: 3.169 GC heap before
{Heap before GC invocations=6 (full 0):
 garbage-first heap   total 262144K, used 137189K [0x0000000700c00000, 0x0000000800000000)
  region size 1024K, 126 young (129024K), 9 survivors (9216K)
 Metaspace       used 37108K, capacity 38081K, committed 38268K, reserved 1083392K
  class space    used 4436K, capacity 4834K, committed 4864K, reserved 1048576K
}
Event: 3.179 GC heap after
{Heap after GC invocations=7 (full 0):
 garbage-first heap   total 315392K, used 22711K [0x0000000700c00000, 0x0000000800000000)
  region size 1024K, 12 young (12288K), 12 survivors (12288K)
 Metaspace       used 37108K, capacity 38081K, committed 38268K, reserved 1083392K
  class space    used 4436K, capacity 4834K, committed 4864K, reserved 1048576K
}
Event: 3.877 GC heap before
{Heap before GC invocations=7 (full 0):
 garbage-first heap   total 315392K, used 176311K [0x0000000700c00000, 0x0000000800000000)
  region size 1024K, 162 young (165888K), 12 survivors (12288K)
 Metaspace       used 37202K, capacity 38113K, committed 38396K, reserved 1083392K
  class space    used 4456K, capacity 4866K, committed 4992K, reserved 1048576K
}
Event: 3.883 GC heap after
{Heap after GC invocations=8 (full 0):
 garbage-first heap   total 315392K, used 26351K [0x0000000700c00000, 0x0000000800000000)
  region size 1024K, 14 young (14336K), 14 survivors (14336K)
 Metaspace       used 37202K, capacity 38113K, committed 38396K, reserved 1083392K
  class space    used 4456K, capacity 4866K, committed 4992K, reserved 1048576K
}

