# JRE version: OpenJDK Runtime Environment (15.0.2+7) (build 15.0.2+7-27)
# Java VM: OpenJDK 64-Bit Server VM (15.0.2+7-27, mixed mode, tiered, compressed oops, g1 gc, windows-amd64)
GC Precious Log:
 CPUs: 16 total, 16 available
 Memory: 16333M
 Large Page Support: Disabled
 NUMA Support: Disabled
 Compressed Oops: Enabled (Zero based)
 Heap Region Size: 2M
 Heap Min Capacity: 8M
 Heap Initial Capacity: 256M
 Heap Max Capacity: 4084M
 Pre-touch: Disabled
 Parallel Workers: 13
 Concurrent Workers: 3
 Concurrent Refinement Workers: 13
 Periodic GC: Disabled
Heap:
 garbage-first heap   total 141312K, used 71721K [0x0000000700c00000, 0x0000000800000000)
  region size 2048K, 16 young (32768K), 1 survivors (2048K)
 Metaspace       used 67844K, capacity 68636K, committed 68892K, reserved 1110016K
  class space    used 8783K, capacity 9063K, committed 9084K, reserved 1048576K
GC Heap History (20 events):
Event: 5.399 GC heap after
{Heap after GC invocations=23 (full 0):
 garbage-first heap   total 116736K, used 34063K [0x0000000700c00000, 0x0000000800000000)
  region size 2048K, 5 young (10240K), 5 survivors (10240K)
 Metaspace       used 44822K, capacity 45347K, committed 45564K, reserved 1089536K
  class space    used 5512K, capacity 5731K, committed 5884K, reserved 1048576K
}
Event: 5.718 GC heap before
{Heap before GC invocations=23 (full 0):
 garbage-first heap   total 116736K, used 87311K [0x0000000700c00000, 0x0000000800000000)
  region size 2048K, 32 young (65536K), 5 survivors (10240K)
 Metaspace       used 46625K, capacity 47164K, committed 47228K, reserved 1091584K
  class space    used 5764K, capacity 5971K, committed 6012K, reserved 1048576K
}
Event: 5.723 GC heap after
{Heap after GC invocations=24 (full 0):
 garbage-first heap   total 116736K, used 34323K [0x0000000700c00000, 0x0000000800000000)
  region size 2048K, 1 young (2048K), 1 survivors (2048K)
 Metaspace       used 46625K, capacity 47164K, committed 47228K, reserved 1091584K
  class space    used 5764K, capacity 5971K, committed 6012K, reserved 1048576K
}
Event: 6.271 GC heap before
{Heap before GC invocations=24 (full 0):
 garbage-first heap   total 116736K, used 91667K [0x0000000700c00000, 0x0000000800000000)
  region size 2048K, 29 young (59392K), 1 survivors (2048K)
 Metaspace       used 49050K, capacity 49723K, committed 49916K, reserved 1093632K
  class space    used 6094K, capacity 6303K, committed 6396K, reserved 1048576K
}
Event: 6.275 GC heap after
{Heap after GC invocations=25 (full 0):
 garbage-first heap   total 116736K, used 36860K [0x0000000700c00000, 0x0000000800000000)
  region size 2048K, 3 young (6144K), 3 survivors (6144K)
 Metaspace       used 49050K, capacity 49723K, committed 49916K, reserved 1093632K
  class space    used 6094K, capacity 6303K, committed 6396K, reserved 1048576K
}
Event: 6.985 GC heap before
{Heap before GC invocations=25 (full 0):
 garbage-first heap   total 116736K, used 90108K [0x0000000700c00000, 0x0000000800000000)
  region size 2048K, 29 young (59392K), 3 survivors (6144K)
 Metaspace       used 52542K, capacity 53243K, committed 53500K, reserved 1095680K
  class space    used 6584K, capacity 6810K, committed 6908K, reserved 1048576K
}
Event: 6.989 GC heap after
{Heap after GC invocations=26 (full 0):
 garbage-first heap   total 116736K, used 38594K [0x0000000700c00000, 0x0000000800000000)
  region size 2048K, 3 young (6144K), 3 survivors (6144K)
 Metaspace       used 52542K, capacity 53243K, committed 53500K, reserved 1095680K
  class space    used 6584K, capacity 6810K, committed 6908K, reserved 1048576K
}
Event: 7.354 GC heap before
{Heap before GC invocations=26 (full 0):
 garbage-first heap   total 116736K, used 91842K [0x0000000700c00000, 0x0000000800000000)
  region size 2048K, 29 young (59392K), 3 survivors (6144K)
 Metaspace       used 53398K, capacity 54108K, committed 54396K, reserved 1097728K
  class space    used 6718K, capacity 6946K, committed 7036K, reserved 1048576K
}
Event: 7.358 GC heap after
{Heap after GC invocations=27 (full 0):
 garbage-first heap   total 116736K, used 40953K [0x0000000700c00000, 0x0000000800000000)
  region size 2048K, 3 young (6144K), 3 survivors (6144K)
 Metaspace       used 53398K, capacity 54108K, committed 54396K, reserved 1097728K
  class space    used 6718K, capacity 6946K, committed 7036K, reserved 1048576K
}
Event: 7.784 GC heap before
{Heap before GC invocations=27 (full 0):
 garbage-first heap   total 116736K, used 92153K [0x0000000700c00000, 0x0000000800000000)
  region size 2048K, 28 young (57344K), 3 survivors (6144K)
 Metaspace       used 55832K, capacity 56495K, committed 56572K, reserved 1097728K
  class space    used 7157K, capacity 7375K, committed 7420K, reserved 1048576K
}
Event: 7.788 GC heap after
{Heap after GC invocations=28 (full 0):
 garbage-first heap   total 141312K, used 42600K [0x0000000700c00000, 0x0000000800000000)
  region size 2048K, 3 young (6144K), 3 survivors (6144K)
 Metaspace       used 55832K, capacity 56495K, committed 56572K, reserved 1097728K
  class space    used 7157K, capacity 7375K, committed 7420K, reserved 1048576K
}
Event: 8.451 GC heap before
{Heap before GC invocations=28 (full 0):
 garbage-first heap   total 141312K, used 114280K [0x0000000700c00000, 0x0000000800000000)
  region size 2048K, 38 young (77824K), 3 survivors (6144K)
 Metaspace       used 59190K, capacity 59905K, committed 60156K, reserved 1101824K
  class space    used 7628K, capacity 7878K, committed 7932K, reserved 1048576K
}
Event: 8.457 GC heap after
{Heap after GC invocations=29 (full 0):
 garbage-first heap   total 141312K, used 47510K [0x0000000700c00000, 0x0000000800000000)
  region size 2048K, 5 young (10240K), 5 survivors (10240K)
 Metaspace       used 59190K, capacity 59905K, committed 60156K, reserved 1101824K
  class space    used 7628K, capacity 7878K, committed 7932K, reserved 1048576K
}
Event: 8.480 GC heap before
{Heap before GC invocations=29 (full 0):
 garbage-first heap   total 141312K, used 47510K [0x0000000700c00000, 0x0000000800000000)
  region size 2048K, 6 young (12288K), 5 survivors (10240K)
 Metaspace       used 59457K, capacity 60129K, committed 60284K, reserved 1101824K
  class space    used 7663K, capacity 7910K, committed 8060K, reserved 1048576K
}
Event: 8.484 GC heap after
{Heap after GC invocations=30 (full 0):
 garbage-first heap   total 141312K, used 47793K [0x0000000700c00000, 0x0000000800000000)
  region size 2048K, 3 young (6144K), 3 survivors (6144K)
 Metaspace       used 59457K, capacity 60129K, committed 60284K, reserved 1101824K
  class space    used 7663K, capacity 7910K, committed 8060K, reserved 1048576K
}
Event: 23.428 GC heap before
{Heap before GC invocations=31 (full 0):
 garbage-first heap   total 141312K, used 111281K [0x0000000700c00000, 0x0000000800000000)
  region size 2048K, 34 young (69632K), 3 survivors (6144K)
 Metaspace       used 67513K, capacity 68279K, committed 68380K, reserved 1107968K
  class space    used 8722K, capacity 9012K, committed 9084K, reserved 1048576K
}
Event: 23.432 GC heap after
{Heap after GC invocations=32 (full 0):
 garbage-first heap   total 141312K, used 50718K [0x0000000700c00000, 0x0000000800000000)
  region size 2048K, 5 young (10240K), 5 survivors (10240K)
 Metaspace       used 67513K, capacity 68279K, committed 68380K, reserved 1107968K
  class space    used 8722K, capacity 9012K, committed 9084K, reserved 1048576K
}
Event: 23.512 GC heap before
{Heap before GC invocations=32 (full 0):
 garbage-first heap   total 141312K, used 52766K [0x0000000700c00000, 0x0000000800000000)
  region size 2048K, 6 young (12288K), 5 survivors (10240K)
 Metaspace       used 67514K, capacity 68279K, committed 68380K, reserved 1107968K
  class space    used 8722K, capacity 9012K, committed 9084K, reserved 1048576K
}
Event: 23.520 GC heap after
{Heap after GC invocations=33 (full 0):
 garbage-first heap   total 141312K, used 42768K [0x0000000700c00000, 0x0000000800000000)
  region size 2048K, 1 young (2048K), 1 survivors (2048K)
 Metaspace       used 67514K, capacity 68279K, committed 68380K, reserved 1107968K
  class space    used 8722K, capacity 9012K, committed 9084K, reserved 1048576K
}
Event: 292.471 GC heap before
{Heap before GC invocations=33 (full 0):
 garbage-first heap   total 141312K, used 71440K [0x0000000700c00000, 0x0000000800000000)
  region size 2048K, 16 young (32768K), 1 survivors (2048K)
 Metaspace       used 67844K, capacity 68636K, committed 68892K, reserved 1110016K
  class space    used 8783K, capacity 9063K, committed 9084K, reserved 1048576K
}

