# JRE version: Java(TM) SE Runtime Environment 18.9 (11.0.11+9) (build 11.0.11+9-LTS-194)
# Java VM: Java HotSpot(TM) 64-Bit Server VM 18.9 (11.0.11+9-LTS-194, mixed mode, tiered, compressed oops, g1 gc, windows-amd64)
Heap:
 garbage-first heap   total 378880K, used 77586K [0x0000000700c00000, 0x0000000800000000)
  region size 1024K, 53 young (54272K), 16 survivors (16384K)
 Metaspace       used 59454K, capacity 60834K, committed 61132K, reserved 1101824K
  class space    used 7587K, capacity 8112K, committed 8192K, reserved 1048576K
GC Heap History (10 events):
Event: 5.399 GC heap before
{Heap before GC invocations=10 (full 0):
 garbage-first heap   total 315392K, used 206087K [0x0000000700c00000, 0x0000000800000000)
  region size 1024K, 184 young (188416K), 12 survivors (12288K)
 Metaspace       used 39415K, capacity 40393K, committed 40448K, reserved 1085440K
  class space    used 4702K, capacity 5086K, committed 5120K, reserved 1048576K
}
Event: 5.405 GC heap after
{Heap after GC invocations=11 (full 0):
 garbage-first heap   total 378880K, used 29933K [0x0000000700c00000, 0x0000000800000000)
  region size 1024K, 12 young (12288K), 12 survivors (12288K)
 Metaspace       used 39415K, capacity 40393K, committed 40448K, reserved 1085440K
  class space    used 4702K, capacity 5086K, committed 5120K, reserved 1048576K
}
Event: 5.801 GC heap before
{Heap before GC invocations=11 (full 0):
 garbage-first heap   total 378880K, used 244973K [0x0000000700c00000, 0x0000000800000000)
  region size 1024K, 222 young (227328K), 12 survivors (12288K)
 Metaspace       used 40493K, capacity 41517K, committed 41600K, reserved 1085440K
  class space    used 4838K, capacity 5234K, committed 5248K, reserved 1048576K
}
Event: 5.805 GC heap after
{Heap after GC invocations=12 (full 0):
 garbage-first heap   total 378880K, used 29501K [0x0000000700c00000, 0x0000000800000000)
  region size 1024K, 12 young (12288K), 12 survivors (12288K)
 Metaspace       used 40493K, capacity 41517K, committed 41600K, reserved 1085440K
  class space    used 4838K, capacity 5234K, committed 5248K, reserved 1048576K
}
Event: 7.410 GC heap before
{Heap before GC invocations=12 (full 0):
 garbage-first heap   total 378880K, used 244541K [0x0000000700c00000, 0x0000000800000000)
  region size 1024K, 222 young (227328K), 12 survivors (12288K)
 Metaspace       used 45760K, capacity 46886K, committed 47104K, reserved 1089536K
  class space    used 5588K, capacity 6032K, committed 6144K, reserved 1048576K
}
Event: 7.420 GC heap after
{Heap after GC invocations=13 (full 0):
 garbage-first heap   total 378880K, used 38693K [0x0000000700c00000, 0x0000000800000000)
  region size 1024K, 21 young (21504K), 21 survivors (21504K)
 Metaspace       used 45760K, capacity 46886K, committed 47104K, reserved 1089536K
  class space    used 5588K, capacity 6032K, committed 6144K, reserved 1048576K
}
Event: 9.216 GC heap before
{Heap before GC invocations=13 (full 0):
 garbage-first heap   total 378880K, used 244517K [0x0000000700c00000, 0x0000000800000000)
  region size 1024K, 222 young (227328K), 21 survivors (21504K)
 Metaspace       used 57988K, capacity 59245K, committed 59392K, reserved 1101824K
  class space    used 7362K, capacity 7834K, committed 7936K, reserved 1048576K
}
Event: 9.229 GC heap after
{Heap after GC invocations=14 (full 0):
 garbage-first heap   total 378880K, used 38989K [0x0000000700c00000, 0x0000000800000000)
  region size 1024K, 14 young (14336K), 14 survivors (14336K)
 Metaspace       used 57988K, capacity 59245K, committed 59392K, reserved 1101824K
  class space    used 7362K, capacity 7834K, committed 7936K, reserved 1048576K
}
Event: 10.165 GC heap before
{Heap before GC invocations=14 (full 0):
 garbage-first heap   total 378880K, used 95309K [0x0000000700c00000, 0x0000000800000000)
  region size 1024K, 70 young (71680K), 14 survivors (14336K)
 Metaspace       used 58870K, capacity 60138K, committed 60160K, reserved 1101824K
  class space    used 7467K, capacity 7936K, committed 7936K, reserved 1048576K
}
Event: 10.174 GC heap after
{Heap after GC invocations=15 (full 0):
 garbage-first heap   total 378880K, used 40722K [0x0000000700c00000, 0x0000000800000000)
  region size 1024K, 16 young (16384K), 16 survivors (16384K)
 Metaspace       used 58870K, capacity 60138K, committed 60160K, reserved 1101824K
  class space    used 7467K, capacity 7936K, committed 7936K, reserved 1048576K
}

