# JRE version: OpenJDK Runtime Environment (15.0.2+7) (build 15.0.2+7-27)
# Java VM: OpenJDK 64-Bit Server VM (15.0.2+7-27, mixed mode, tiered, compressed oops, g1 gc, windows-amd64)
GC Precious Log:
 CPUs: 16 total, 16 available
 Memory: 16333M
 Large Page Support: Disabled
 NUMA Support: Disabled
 Compressed Oops: Enabled (Zero based)
 Heap Region Size: 2M
 Heap Min Capacity: 8M
 Heap Initial Capacity: 256M
 Heap Max Capacity: 4084M
 Pre-touch: Disabled
 Parallel Workers: 13
 Concurrent Workers: 3
 Concurrent Refinement Workers: 13
 Periodic GC: Disabled
Heap:
 garbage-first heap   total 178176K, used 125947K [0x0000000700c00000, 0x0000000800000000)
  region size 2048K, 27 young (55296K), 3 survivors (6144K)
 Metaspace       used 70458K, capacity 71716K, committed 72064K, reserved 1112064K
  class space    used 9033K, capacity 9489K, committed 9600K, reserved 1048576K
GC Heap History (20 events):
Event: 1108.741 GC heap after
{Heap after GC invocations=80 (full 4):
 garbage-first heap   total 178176K, used 67037K [0x0000000700c00000, 0x0000000800000000)
  region size 2048K, 3 young (6144K), 3 survivors (6144K)
 Metaspace       used 69876K, capacity 71065K, committed 71168K, reserved 1112064K
  class space    used 8982K, capacity 9408K, committed 9472K, reserved 1048576K
}
Event: 1109.167 GC heap before
{Heap before GC invocations=80 (full 4):
 garbage-first heap   total 178176K, used 146909K [0x0000000700c00000, 0x0000000800000000)
  region size 2048K, 42 young (86016K), 3 survivors (6144K)
 Metaspace       used 69876K, capacity 71065K, committed 71168K, reserved 1112064K
  class space    used 8982K, capacity 9408K, committed 9472K, reserved 1048576K
}
Event: 1109.171 GC heap after
{Heap after GC invocations=81 (full 4):
 garbage-first heap   total 178176K, used 68126K [0x0000000700c00000, 0x0000000800000000)
  region size 2048K, 4 young (8192K), 4 survivors (8192K)
 Metaspace       used 69876K, capacity 71065K, committed 71168K, reserved 1112064K
  class space    used 8982K, capacity 9408K, committed 9472K, reserved 1048576K
}
Event: 1109.564 GC heap before
{Heap before GC invocations=81 (full 4):
 garbage-first heap   total 178176K, used 143902K [0x0000000700c00000, 0x0000000800000000)
  region size 2048K, 41 young (83968K), 4 survivors (8192K)
 Metaspace       used 69876K, capacity 71065K, committed 71168K, reserved 1112064K
  class space    used 8982K, capacity 9408K, committed 9472K, reserved 1048576K
}
Event: 1109.568 GC heap after
{Heap after GC invocations=82 (full 4):
 garbage-first heap   total 178176K, used 69602K [0x0000000700c00000, 0x0000000800000000)
  region size 2048K, 3 young (6144K), 3 survivors (6144K)
 Metaspace       used 69876K, capacity 71065K, committed 71168K, reserved 1112064K
  class space    used 8982K, capacity 9408K, committed 9472K, reserved 1048576K
}
Event: 1109.680 GC heap before
{Heap before GC invocations=82 (full 4):
 garbage-first heap   total 178176K, used 145378K [0x0000000700c00000, 0x0000000800000000)
  region size 2048K, 40 young (81920K), 3 survivors (6144K)
 Metaspace       used 69966K, capacity 71179K, committed 71424K, reserved 1112064K
  class space    used 8999K, capacity 9446K, committed 9472K, reserved 1048576K
}
Event: 1109.682 GC heap after
{Heap after GC invocations=83 (full 4):
 garbage-first heap   total 178176K, used 69519K [0x0000000700c00000, 0x0000000800000000)
  region size 2048K, 3 young (6144K), 3 survivors (6144K)
 Metaspace       used 69966K, capacity 71179K, committed 71424K, reserved 1112064K
  class space    used 8999K, capacity 9446K, committed 9472K, reserved 1048576K
}
Event: 1109.766 GC heap before
{Heap before GC invocations=83 (full 4):
 garbage-first heap   total 178176K, used 145295K [0x0000000700c00000, 0x0000000800000000)
  region size 2048K, 40 young (81920K), 3 survivors (6144K)
 Metaspace       used 69966K, capacity 71179K, committed 71424K, reserved 1112064K
  class space    used 8999K, capacity 9446K, committed 9472K, reserved 1048576K
}
Event: 1109.768 GC heap after
{Heap after GC invocations=84 (full 4):
 garbage-first heap   total 178176K, used 70035K [0x0000000700c00000, 0x0000000800000000)
  region size 2048K, 3 young (6144K), 3 survivors (6144K)
 Metaspace       used 69966K, capacity 71179K, committed 71424K, reserved 1112064K
  class space    used 8999K, capacity 9446K, committed 9472K, reserved 1048576K
}
Event: 1109.969 GC heap before
{Heap before GC invocations=84 (full 4):
 garbage-first heap   total 178176K, used 145811K [0x0000000700c00000, 0x0000000800000000)
  region size 2048K, 40 young (81920K), 3 survivors (6144K)
 Metaspace       used 69969K, capacity 71179K, committed 71424K, reserved 1112064K
  class space    used 8999K, capacity 9446K, committed 9472K, reserved 1048576K
}
Event: 1109.972 GC heap after
{Heap after GC invocations=85 (full 4):
 garbage-first heap   total 178176K, used 70882K [0x0000000700c00000, 0x0000000800000000)
  region size 2048K, 3 young (6144K), 3 survivors (6144K)
 Metaspace       used 69969K, capacity 71179K, committed 71424K, reserved 1112064K
  class space    used 8999K, capacity 9446K, committed 9472K, reserved 1048576K
}
Event: 1110.410 GC heap before
{Heap before GC invocations=85 (full 4):
 garbage-first heap   total 178176K, used 144610K [0x0000000700c00000, 0x0000000800000000)
  region size 2048K, 40 young (81920K), 3 survivors (6144K)
 Metaspace       used 70055K, capacity 71313K, committed 71424K, reserved 1112064K
  class space    used 9006K, capacity 9447K, committed 9472K, reserved 1048576K
}
Event: 1110.414 GC heap after
{Heap after GC invocations=86 (full 4):
 garbage-first heap   total 178176K, used 72891K [0x0000000700c00000, 0x0000000800000000)
  region size 2048K, 4 young (8192K), 4 survivors (8192K)
 Metaspace       used 70055K, capacity 71313K, committed 71424K, reserved 1112064K
  class space    used 9006K, capacity 9447K, committed 9472K, reserved 1048576K
}
Event: 1111.100 GC heap before
{Heap before GC invocations=86 (full 4):
 garbage-first heap   total 178176K, used 142523K [0x0000000700c00000, 0x0000000800000000)
  region size 2048K, 38 young (77824K), 4 survivors (8192K)
 Metaspace       used 70218K, capacity 71462K, committed 71680K, reserved 1112064K
  class space    used 9019K, capacity 9451K, committed 9472K, reserved 1048576K
}
Event: 1111.103 GC heap after
{Heap after GC invocations=87 (full 4):
 garbage-first heap   total 178176K, used 75154K [0x0000000700c00000, 0x0000000800000000)
  region size 2048K, 4 young (8192K), 4 survivors (8192K)
 Metaspace       used 70218K, capacity 71462K, committed 71680K, reserved 1112064K
  class space    used 9019K, capacity 9451K, committed 9472K, reserved 1048576K
}
Event: 1111.517 GC heap before
{Heap before GC invocations=87 (full 4):
 garbage-first heap   total 178176K, used 142738K [0x0000000700c00000, 0x0000000800000000)
  region size 2048K, 37 young (75776K), 4 survivors (8192K)
 Metaspace       used 70328K, capacity 71538K, committed 71680K, reserved 1112064K
  class space    used 9024K, capacity 9453K, committed 9472K, reserved 1048576K
}
Event: 1111.521 GC heap after
{Heap after GC invocations=88 (full 4):
 garbage-first heap   total 178176K, used 76561K [0x0000000700c00000, 0x0000000800000000)
  region size 2048K, 3 young (6144K), 3 survivors (6144K)
 Metaspace       used 70328K, capacity 71538K, committed 71680K, reserved 1112064K
  class space    used 9024K, capacity 9453K, committed 9472K, reserved 1048576K
}
Event: 1112.190 GC heap before
{Heap before GC invocations=88 (full 4):
 garbage-first heap   total 178176K, used 146193K [0x0000000700c00000, 0x0000000800000000)
  region size 2048K, 37 young (75776K), 3 survivors (6144K)
 Metaspace       used 70385K, capacity 71646K, committed 71808K, reserved 1112064K
  class space    used 9027K, capacity 9487K, committed 9600K, reserved 1048576K
}
Event: 1112.193 GC heap after
{Heap after GC invocations=89 (full 4):
 garbage-first heap   total 178176K, used 78165K [0x0000000700c00000, 0x0000000800000000)
  region size 2048K, 3 young (6144K), 3 survivors (6144K)
 Metaspace       used 70385K, capacity 71646K, committed 71808K, reserved 1112064K
  class space    used 9027K, capacity 9487K, committed 9600K, reserved 1048576K
}
Event: 1513.803 GC heap before
{Heap before GC invocations=89 (full 4):
 garbage-first heap   total 178176K, used 125269K [0x0000000700c00000, 0x0000000800000000)
  region size 2048K, 27 young (55296K), 3 survivors (6144K)
 Metaspace       used 70458K, capacity 71716K, committed 72064K, reserved 1112064K
  class space    used 9033K, capacity 9489K, committed 9600K, reserved 1048576K
}

