# JRE version: Java(TM) SE Runtime Environment 18.9 (11.0.11+9) (build 11.0.11+9-LTS-194)
# Java VM: Java HotSpot(TM) 64-Bit Server VM 18.9 (11.0.11+9-LTS-194, mixed mode, tiered, compressed oops, g1 gc, windows-amd64)
Heap:
 garbage-first heap   total 191488K, used 86799K [0x0000000700c00000, 0x0000000800000000)
  region size 1024K, 25 young (25600K), 11 survivors (11264K)
 Metaspace       used 78637K, capacity 81250K, committed 81488K, reserved 1120256K
  class space    used 10748K, capacity 11765K, committed 11776K, reserved 1048576K
GC Heap History (10 events):
Event: 42.481 GC heap before
{Heap before GC invocations=29 (full 1):
 garbage-first heap   total 191488K, used 156380K [0x0000000700c00000, 0x0000000800000000)
  region size 1024K, 98 young (100352K), 10 survivors (10240K)
 Metaspace       used 71505K, capacity 73919K, committed 74064K, reserved 1112064K
  class space    used 9713K, capacity 10694K, committed 10752K, reserved 1048576K
}
Event: 42.486 GC heap after
{Heap after GC invocations=30 (full 1):
 garbage-first heap   total 191488K, used 69720K [0x0000000700c00000, 0x0000000800000000)
  region size 1024K, 10 young (10240K), 10 survivors (10240K)
 Metaspace       used 71505K, capacity 73919K, committed 74064K, reserved 1112064K
  class space    used 9713K, capacity 10694K, committed 10752K, reserved 1048576K
}
Event: 43.019 GC heap before
{Heap before GC invocations=30 (full 1):
 garbage-first heap   total 191488K, used 156760K [0x0000000700c00000, 0x0000000800000000)
  region size 1024K, 95 young (97280K), 10 survivors (10240K)
 Metaspace       used 71549K, capacity 73991K, committed 74064K, reserved 1112064K
  class space    used 9717K, capacity 10698K, committed 10752K, reserved 1048576K
}
Event: 43.022 GC heap after
{Heap after GC invocations=31 (full 1):
 garbage-first heap   total 191488K, used 67209K [0x0000000700c00000, 0x0000000800000000)
  region size 1024K, 4 young (4096K), 4 survivors (4096K)
 Metaspace       used 71549K, capacity 73991K, committed 74064K, reserved 1112064K
  class space    used 9717K, capacity 10698K, committed 10752K, reserved 1048576K
}
Event: 43.450 GC heap before
{Heap before GC invocations=31 (full 1):
 garbage-first heap   total 191488K, used 156297K [0x0000000700c00000, 0x0000000800000000)
  region size 1024K, 92 young (94208K), 4 survivors (4096K)
 Metaspace       used 71551K, capacity 73994K, committed 74064K, reserved 1112064K
  class space    used 9718K, capacity 10699K, committed 10752K, reserved 1048576K
}
Event: 43.453 GC heap after
{Heap after GC invocations=32 (full 1):
 garbage-first heap   total 191488K, used 67835K [0x0000000700c00000, 0x0000000800000000)
  region size 1024K, 5 young (5120K), 5 survivors (5120K)
 Metaspace       used 71551K, capacity 73994K, committed 74064K, reserved 1112064K
  class space    used 9718K, capacity 10699K, committed 10752K, reserved 1048576K
}
Event: 45.320 GC heap before
{Heap before GC invocations=32 (full 1):
 garbage-first heap   total 191488K, used 157947K [0x0000000700c00000, 0x0000000800000000)
  region size 1024K, 93 young (95232K), 5 survivors (5120K)
 Metaspace       used 72094K, capacity 74573K, committed 74704K, reserved 1114112K
  class space    used 9806K, capacity 10806K, committed 10880K, reserved 1048576K
}
Event: 45.323 GC heap after
{Heap after GC invocations=33 (full 1):
 garbage-first heap   total 191488K, used 69376K [0x0000000700c00000, 0x0000000800000000)
  region size 1024K, 7 young (7168K), 7 survivors (7168K)
 Metaspace       used 72094K, capacity 74573K, committed 74704K, reserved 1114112K
  class space    used 9806K, capacity 10806K, committed 10880K, reserved 1048576K
}
Event: 77.423 GC heap before
{Heap before GC invocations=33 (full 1):
 garbage-first heap   total 191488K, used 158464K [0x0000000700c00000, 0x0000000800000000)
  region size 1024K, 94 young (96256K), 7 survivors (7168K)
 Metaspace       used 77290K, capacity 79820K, committed 80080K, reserved 1118208K
  class space    used 10560K, capacity 11587K, committed 11648K, reserved 1048576K
}
Event: 77.428 GC heap after
{Heap after GC invocations=34 (full 1):
 garbage-first heap   total 191488K, used 73487K [0x0000000700c00000, 0x0000000800000000)
  region size 1024K, 11 young (11264K), 11 survivors (11264K)
 Metaspace       used 77290K, capacity 79820K, committed 80080K, reserved 1118208K
  class space    used 10560K, capacity 11587K, committed 11648K, reserved 1048576K
}

