# JRE version: Java(TM) SE Runtime Environment 18.9 (11.0.11+9) (build 11.0.11+9-LTS-194)
# Java VM: Java HotSpot(TM) 64-Bit Server VM 18.9 (11.0.11+9-LTS-194, mixed mode, tiered, compressed oops, g1 gc, windows-amd64)
Heap:
 garbage-first heap   total 378880K, used 98007K [0x0000000700c00000, 0x0000000800000000)
  region size 1024K, 70 young (71680K), 13 survivors (13312K)
 Metaspace       used 59835K, capacity 61237K, committed 61476K, reserved 1103872K
  class space    used 7643K, capacity 8183K, committed 8192K, reserved 1048576K
GC Heap History (10 events):
Event: 5.582 GC heap before
{Heap before GC invocations=10 (full 0):
 garbage-first heap   total 315392K, used 205400K [0x0000000700c00000, 0x0000000800000000)
  region size 1024K, 184 young (188416K), 13 survivors (13312K)
 Metaspace       used 39867K, capacity 40896K, committed 41212K, reserved 1085440K
  class space    used 4750K, capacity 5158K, committed 5248K, reserved 1048576K
}
Event: 5.586 GC heap after
{Heap after GC invocations=11 (full 0):
 garbage-first heap   total 315392K, used 29384K [0x0000000700c00000, 0x0000000800000000)
  region size 1024K, 9 young (9216K), 9 survivors (9216K)
 Metaspace       used 39867K, capacity 40896K, committed 41212K, reserved 1085440K
  class space    used 4750K, capacity 5158K, committed 5248K, reserved 1048576K
}
Event: 6.249 GC heap before
{Heap before GC invocations=11 (full 0):
 garbage-first heap   total 315392K, used 208584K [0x0000000700c00000, 0x0000000800000000)
  region size 1024K, 184 young (188416K), 9 survivors (9216K)
 Metaspace       used 42518K, capacity 43568K, committed 43644K, reserved 1087488K
  class space    used 5144K, capacity 5571K, committed 5632K, reserved 1048576K
}
Event: 6.255 GC heap after
{Heap after GC invocations=12 (full 0):
 garbage-first heap   total 315392K, used 33872K [0x0000000700c00000, 0x0000000800000000)
  region size 1024K, 13 young (13312K), 13 survivors (13312K)
 Metaspace       used 42518K, capacity 43568K, committed 43644K, reserved 1087488K
  class space    used 5144K, capacity 5571K, committed 5632K, reserved 1048576K
}
Event: 7.921 GC heap before
{Heap before GC invocations=12 (full 0):
 garbage-first heap   total 315392K, used 208976K [0x0000000700c00000, 0x0000000800000000)
  region size 1024K, 184 young (188416K), 13 survivors (13312K)
 Metaspace       used 51338K, capacity 52415K, committed 52476K, reserved 1095680K
  class space    used 6559K, capacity 7016K, committed 7040K, reserved 1048576K
}
Event: 7.931 GC heap after
{Heap after GC invocations=13 (full 0):
 garbage-first heap   total 315392K, used 40134K [0x0000000700c00000, 0x0000000800000000)
  region size 1024K, 18 young (18432K), 18 survivors (18432K)
 Metaspace       used 51338K, capacity 52415K, committed 52476K, reserved 1095680K
  class space    used 6559K, capacity 7016K, committed 7040K, reserved 1048576K
}
Event: 9.278 GC heap before
{Heap before GC invocations=13 (full 0):
 garbage-first heap   total 315392K, used 210118K [0x0000000700c00000, 0x0000000800000000)
  region size 1024K, 184 young (188416K), 18 survivors (18432K)
 Metaspace       used 58140K, capacity 59387K, committed 59516K, reserved 1101824K
  class space    used 7379K, capacity 7879K, committed 7936K, reserved 1048576K
}
Event: 9.291 GC heap after
{Heap after GC invocations=14 (full 0):
 garbage-first heap   total 378880K, used 40364K [0x0000000700c00000, 0x0000000800000000)
  region size 1024K, 12 young (12288K), 12 survivors (12288K)
 Metaspace       used 58140K, capacity 59387K, committed 59516K, reserved 1101824K
  class space    used 7379K, capacity 7879K, committed 7936K, reserved 1048576K
}
Event: 9.967 GC heap before
{Heap before GC invocations=14 (full 0):
 garbage-first heap   total 378880K, used 64940K [0x0000000700c00000, 0x0000000800000000)
  region size 1024K, 37 young (37888K), 12 survivors (12288K)
 Metaspace       used 58631K, capacity 59845K, committed 59940K, reserved 1101824K
  class space    used 7437K, capacity 7923K, committed 7936K, reserved 1048576K
}
Event: 9.975 GC heap after
{Heap after GC invocations=15 (full 0):
 garbage-first heap   total 378880K, used 40663K [0x0000000700c00000, 0x0000000800000000)
  region size 1024K, 13 young (13312K), 13 survivors (13312K)
 Metaspace       used 58631K, capacity 59845K, committed 59940K, reserved 1101824K
  class space    used 7437K, capacity 7923K, committed 7936K, reserved 1048576K
}

